{"D:\\my-app\\backend\\src\\controllers\\authController.ts": {"path":"D:\\my-app\\backend\\src\\controllers\\authController.ts","statementMap":{"0":{"start":{"line":2,"column":0},"end":{"line":2,"column":24}},"1":{"start":{"line":3,"column":0},"end":{"line":3,"column":29}},"2":{"start":{"line":4,"column":0},"end":{"line":4,"column":30}},"3":{"start":{"line":6,"column":24},"end":{"line":15,"column":null}},"4":{"start":{"line":6,"column":62},"end":{"line":15,"column":null}},"5":{"start":{"line":7,"column":91},"end":{"line":7,"column":99}},"6":{"start":{"line":8,"column":17},"end":{"line":8,"column":48}},"7":{"start":{"line":9,"column":2},"end":{"line":13,"column":null}},"8":{"start":{"line":14,"column":2},"end":{"line":14,"column":null}},"9":{"start":{"line":6,"column":13},"end":{"line":6,"column":24}},"10":{"start":{"line":17,"column":21},"end":{"line":39,"column":null}},"11":{"start":{"line":17,"column":59},"end":{"line":39,"column":null}},"12":{"start":{"line":18,"column":30},"end":{"line":18,"column":38}},"13":{"start":{"line":19,"column":22},"end":{"line":19,"column":91}},"14":{"start":{"line":20,"column":15},"end":{"line":20,"column":22}},"15":{"start":{"line":21,"column":2},"end":{"line":22,"column":null}},"16":{"start":{"line":22,"column":4},"end":{"line":22,"column":null}},"17":{"start":{"line":24,"column":16},"end":{"line":27,"column":null}},"18":{"start":{"line":29,"column":2},"end":{"line":38,"column":null}},"19":{"start":{"line":17,"column":13},"end":{"line":17,"column":21}}},"fnMap":{"0":{"name":"(anonymous_8)","decl":{"start":{"line":6,"column":24},"end":{"line":6,"column":31}},"loc":{"start":{"line":6,"column":62},"end":{"line":15,"column":null}}},"1":{"name":"(anonymous_9)","decl":{"start":{"line":6,"column":62},"end":{"line":6,"column":null}},"loc":{"start":{"line":6,"column":62},"end":{"line":15,"column":1}}},"2":{"name":"(anonymous_10)","decl":{"start":{"line":17,"column":21},"end":{"line":17,"column":28}},"loc":{"start":{"line":17,"column":59},"end":{"line":39,"column":null}}},"3":{"name":"(anonymous_11)","decl":{"start":{"line":17,"column":59},"end":{"line":17,"column":null}},"loc":{"start":{"line":17,"column":59},"end":{"line":39,"column":1}}}},"branchMap":{"0":{"loc":{"start":{"line":12,"column":5},"end":{"line":12,"column":23}},"type":"binary-expr","locations":[{"start":{"line":12,"column":5},"end":{"line":12,"column":15}},{"start":{"line":12,"column":19},"end":{"line":12,"column":23}}]},"1":{"loc":{"start":{"line":12,"column":25},"end":{"line":12,"column":46}},"type":"binary-expr","locations":[{"start":{"line":12,"column":25},"end":{"line":12,"column":38}},{"start":{"line":12,"column":42},"end":{"line":12,"column":46}}]},"2":{"loc":{"start":{"line":12,"column":84},"end":{"line":12,"column":101}},"type":"binary-expr","locations":[{"start":{"line":12,"column":84},"end":{"line":12,"column":88}},{"start":{"line":12,"column":92},"end":{"line":12,"column":101}}]},"3":{"loc":{"start":{"line":12,"column":103},"end":{"line":12,"column":116}},"type":"binary-expr","locations":[{"start":{"line":12,"column":103},"end":{"line":12,"column":108}},{"start":{"line":12,"column":112},"end":{"line":12,"column":116}}]},"4":{"loc":{"start":{"line":21,"column":2},"end":{"line":22,"column":null}},"type":"if","locations":[{"start":{"line":21,"column":2},"end":{"line":22,"column":null}},{"start":{},"end":{}}]},"5":{"loc":{"start":{"line":21,"column":6},"end":{"line":21,"column":63}},"type":"binary-expr","locations":[{"start":{"line":21,"column":6},"end":{"line":21,"column":11}},{"start":{"line":21,"column":15},"end":{"line":21,"column":63}}]}},"s":{"0":1,"1":1,"2":1,"3":1,"4":2,"5":2,"6":2,"7":2,"8":2,"9":1,"10":1,"11":3,"12":3,"13":3,"14":3,"15":3,"16":2,"17":1,"18":1,"19":1},"f":{"0":2,"1":2,"2":3,"3":3},"b":{"0":[2,1],"1":[2,2],"2":[2,1],"3":[2,2],"4":[2,1],"5":[3,2]}}
,"D:\\my-app\\backend\\src\\controllers\\complaintController.ts": {"path":"D:\\my-app\\backend\\src\\controllers\\complaintController.ts","statementMap":{"0":{"start":{"line":2,"column":0},"end":{"line":2,"column":24}},"1":{"start":{"line":5,"column":29},"end":{"line":16,"column":null}},"2":{"start":{"line":5,"column":71},"end":{"line":16,"column":null}},"3":{"start":{"line":6,"column":17},"end":{"line":14,"column":4}},"4":{"start":{"line":15,"column":2},"end":{"line":15,"column":null}},"5":{"start":{"line":5,"column":13},"end":{"line":5,"column":29}},"6":{"start":{"line":18,"column":31},"end":{"line":28,"column":null}},"7":{"start":{"line":18,"column":73},"end":{"line":28,"column":null}},"8":{"start":{"line":19,"column":17},"end":{"line":26,"column":20}},"9":{"start":{"line":27,"column":2},"end":{"line":27,"column":null}},"10":{"start":{"line":18,"column":13},"end":{"line":18,"column":31}},"11":{"start":{"line":30,"column":31},"end":{"line":38,"column":null}},"12":{"start":{"line":30,"column":73},"end":{"line":38,"column":null}},"13":{"start":{"line":31,"column":69},"end":{"line":31,"column":77}},"14":{"start":{"line":32,"column":2},"end":{"line":36,"column":null}},"15":{"start":{"line":37,"column":2},"end":{"line":37,"column":null}},"16":{"start":{"line":30,"column":13},"end":{"line":30,"column":31}},"17":{"start":{"line":40,"column":28},"end":{"line":48,"column":null}},"18":{"start":{"line":40,"column":70},"end":{"line":48,"column":null}},"19":{"start":{"line":41,"column":17},"end":{"line":41,"column":27}},"20":{"start":{"line":42,"column":21},"end":{"line":42,"column":29}},"21":{"start":{"line":43,"column":2},"end":{"line":46,"column":null}},"22":{"start":{"line":47,"column":2},"end":{"line":47,"column":null}},"23":{"start":{"line":40,"column":13},"end":{"line":40,"column":28}}},"fnMap":{"0":{"name":"(anonymous_8)","decl":{"start":{"line":5,"column":29},"end":{"line":5,"column":36}},"loc":{"start":{"line":5,"column":71},"end":{"line":16,"column":null}}},"1":{"name":"(anonymous_9)","decl":{"start":{"line":5,"column":71},"end":{"line":5,"column":null}},"loc":{"start":{"line":5,"column":71},"end":{"line":16,"column":1}}},"2":{"name":"(anonymous_10)","decl":{"start":{"line":18,"column":31},"end":{"line":18,"column":38}},"loc":{"start":{"line":18,"column":73},"end":{"line":28,"column":null}}},"3":{"name":"(anonymous_11)","decl":{"start":{"line":18,"column":73},"end":{"line":18,"column":null}},"loc":{"start":{"line":18,"column":73},"end":{"line":28,"column":1}}},"4":{"name":"(anonymous_12)","decl":{"start":{"line":30,"column":31},"end":{"line":30,"column":38}},"loc":{"start":{"line":30,"column":73},"end":{"line":38,"column":null}}},"5":{"name":"(anonymous_13)","decl":{"start":{"line":30,"column":73},"end":{"line":30,"column":null}},"loc":{"start":{"line":30,"column":73},"end":{"line":38,"column":1}}},"6":{"name":"(anonymous_14)","decl":{"start":{"line":40,"column":28},"end":{"line":40,"column":35}},"loc":{"start":{"line":40,"column":70},"end":{"line":48,"column":null}}},"7":{"name":"(anonymous_15)","decl":{"start":{"line":40,"column":70},"end":{"line":40,"column":null}},"loc":{"start":{"line":40,"column":70},"end":{"line":48,"column":1}}}},"branchMap":{"0":{"loc":{"start":{"line":35,"column":65},"end":{"line":35,"column":85}},"type":"binary-expr","locations":[{"start":{"line":35,"column":65},"end":{"line":35,"column":73}},{"start":{"line":35,"column":77},"end":{"line":35,"column":85}}]}},"s":{"0":1,"1":1,"2":1,"3":1,"4":1,"5":1,"6":1,"7":1,"8":1,"9":1,"10":1,"11":1,"12":2,"13":2,"14":2,"15":2,"16":1,"17":1,"18":1,"19":1,"20":1,"21":1,"22":1,"23":1},"f":{"0":1,"1":1,"2":1,"3":1,"4":2,"5":2,"6":1,"7":1},"b":{"0":[2,1]}}
,"D:\\my-app\\backend\\src\\middleware\\authMiddleware.ts": {"path":"D:\\my-app\\backend\\src\\middleware\\authMiddleware.ts","statementMap":{"0":{"start":{"line":2,"column":0},"end":{"line":2,"column":30}},"1":{"start":{"line":8,"column":23},"end":{"line":19,"column":1}},"2":{"start":{"line":9,"column":16},"end":{"line":9,"column":56}},"3":{"start":{"line":10,"column":2},"end":{"line":10,"column":null}},"4":{"start":{"line":10,"column":14},"end":{"line":10,"column":null}},"5":{"start":{"line":12,"column":2},"end":{"line":18,"column":3}},"6":{"start":{"line":13,"column":20},"end":{"line":13,"column":109}},"7":{"start":{"line":14,"column":4},"end":{"line":14,"column":null}},"8":{"start":{"line":15,"column":4},"end":{"line":15,"column":null}},"9":{"start":{"line":17,"column":4},"end":{"line":17,"column":null}},"10":{"start":{"line":8,"column":13},"end":{"line":8,"column":23}}},"fnMap":{"0":{"name":"(anonymous_1)","decl":{"start":{"line":8,"column":23},"end":{"line":8,"column":24}},"loc":{"start":{"line":8,"column":79},"end":{"line":19,"column":1}}}},"branchMap":{"0":{"loc":{"start":{"line":9,"column":16},"end":{"line":9,"column":56}},"type":"cond-expr","locations":[{"start":{"line":9,"column":41},"end":{"line":9,"column":43}},{"start":{"line":9,"column":41},"end":{"line":9,"column":56}}]},"1":{"loc":{"start":{"line":9,"column":16},"end":{"line":9,"column":43}},"type":"binary-expr","locations":[{"start":{"line":9,"column":16},"end":{"line":9,"column":43}},{"start":{"line":9,"column":41},"end":{"line":9,"column":43}}]},"2":{"loc":{"start":{"line":10,"column":2},"end":{"line":10,"column":null}},"type":"if","locations":[{"start":{"line":10,"column":2},"end":{"line":10,"column":null}},{"start":{},"end":{}}]}},"s":{"0":1,"1":1,"2":3,"3":3,"4":1,"5":2,"6":2,"7":1,"8":1,"9":1,"10":1},"f":{"0":3},"b":{"0":[1,2],"1":[3,3],"2":[1,2]}}
}
