TN:
SF:src\controllers\authController.ts
FN:6,(anonymous_8)
FN:6,(anonymous_9)
FN:17,(anonymous_10)
FN:17,(anonymous_11)
FNF:4
FNH:4
FNDA:2,(anonymous_8)
FNDA:2,(anonymous_9)
FNDA:3,(anonymous_10)
FNDA:3,(anonymous_11)
DA:2,1
DA:3,1
DA:4,1
DA:6,2
DA:7,2
DA:8,2
DA:9,2
DA:14,2
DA:17,3
DA:18,3
DA:19,3
DA:20,3
DA:21,3
DA:22,2
DA:24,1
DA:29,1
LF:16
LH:16
BRDA:12,0,0,2
BRDA:12,0,1,1
BRDA:12,1,0,2
BRDA:12,1,1,2
BRDA:12,2,0,2
BRDA:12,2,1,1
BRDA:12,3,0,2
BRDA:12,3,1,2
BRDA:21,4,0,2
BRDA:21,4,1,1
BRDA:21,5,0,3
BRDA:21,5,1,2
BRF:12
BRH:12
end_of_record
TN:
SF:src\controllers\complaintController.ts
FN:5,(anonymous_8)
FN:5,(anonymous_9)
FN:18,(anonymous_10)
FN:18,(anonymous_11)
FN:30,(anonymous_12)
FN:30,(anonymous_13)
FN:40,(anonymous_14)
FN:40,(anonymous_15)
FNF:8
FNH:8
FNDA:1,(anonymous_8)
FNDA:1,(anonymous_9)
FNDA:1,(anonymous_10)
FNDA:1,(anonymous_11)
FNDA:2,(anonymous_12)
FNDA:2,(anonymous_13)
FNDA:1,(anonymous_14)
FNDA:1,(anonymous_15)
DA:2,1
DA:5,1
DA:6,1
DA:15,1
DA:18,1
DA:19,1
DA:27,1
DA:30,2
DA:31,2
DA:32,2
DA:37,2
DA:40,1
DA:41,1
DA:42,1
DA:43,1
DA:47,1
LF:16
LH:16
BRDA:35,0,0,2
BRDA:35,0,1,1
BRF:2
BRH:2
end_of_record
TN:
SF:src\middleware\authMiddleware.ts
FN:8,(anonymous_1)
FNF:1
FNH:1
FNDA:3,(anonymous_1)
DA:2,1
DA:8,1
DA:9,3
DA:10,3
DA:12,2
DA:13,2
DA:14,1
DA:15,1
DA:17,1
LF:9
LH:9
BRDA:9,0,0,1
BRDA:9,0,1,2
BRDA:9,1,0,3
BRDA:9,1,1,3
BRDA:10,2,0,1
BRDA:10,2,1,2
BRF:6
BRH:6
end_of_record
